==18750== Memcheck, a memory error detector
==18750== Copyright (C) 2002-2017, and GNU GPL'd, by Julian Seward et al.
==18750== Using Valgrind-3.18.1 and LibVEX; rerun with -h for copyright info
==18750== Command: ./minishell
==18750== 
==18774== 
==18774== HEAP SUMMARY:
==18774==     in use at exit: 217,352 bytes in 414 blocks
==18774==   total heap usage: 748 allocs, 334 frees, 240,498 bytes allocated
==18774== 
==18774== 8 bytes in 1 blocks are still reachable in loss record 5 of 75
==18774==    at 0x4848899: malloc (in /usr/libexec/valgrind/vgpreload_memcheck-amd64-linux.so)
==18774==    by 0x10CCD3: ft_strjoin (utils.c:173)
==18774==    by 0x10A8E6: expand_quotes (env_setup.c:128)
==18774==    by 0x10AAF5: expand_args (env_setup.c:181)
==18774==    by 0x10AC64: expand_cmds (env_setup.c:217)
==18774==    by 0x10C127: main (main.c:64)
==18774== 
==18774== 16 bytes in 1 blocks are still reachable in loss record 14 of 75
==18774==    at 0x4848899: malloc (in /usr/libexec/valgrind/vgpreload_memcheck-amd64-linux.so)
==18774==    by 0x10C320: add_arg (parser.c:70)
==18774==    by 0x10C4CC: parse_command (parser.c:116)
==18774==    by 0x10C5D1: parser (parser.c:142)
==18774==    by 0x10C0E0: main (main.c:52)
==18774== 
==18774== 32 bytes in 1 blocks are still reachable in loss record 19 of 75
==18774==    at 0x4848899: malloc (in /usr/libexec/valgrind/vgpreload_memcheck-amd64-linux.so)
==18774==    by 0x10C222: cmd_new (parser.c:38)
==18774==    by 0x10C480: parse_command (parser.c:108)
==18774==    by 0x10C5D1: parser (parser.c:142)
==18774==    by 0x10C0E0: main (main.c:52)
==18774== 
==18774== 376 bytes in 1 blocks are still reachable in loss record 30 of 75
==18774==    at 0x4848899: malloc (in /usr/libexec/valgrind/vgpreload_memcheck-amd64-linux.so)
==18774==    by 0x10B606: env_to_tab (executor.c:247)
==18774==    by 0x10BFC1: main (main.c:14)
==18774== 
==18774== 576 bytes in 46 blocks are still reachable in loss record 31 of 75
==18774==    at 0x4848899: malloc (in /usr/libexec/valgrind/vgpreload_memcheck-amd64-linux.so)
==18774==    by 0x10CA3A: ft_substr (utils.c:88)
==18774==    by 0x10AE03: init_env (env.c:46)
==18774==    by 0x10BFB1: main (main.c:13)
==18774== 
==18774== 1,104 bytes in 46 blocks are still reachable in loss record 44 of 75
==18774==    at 0x4848899: malloc (in /usr/libexec/valgrind/vgpreload_memcheck-amd64-linux.so)
==18774==    by 0x10ACBB: new_env_node (env.c:5)
==18774==    by 0x10AE2E: init_env (env.c:49)
==18774==    by 0x10BFB1: main (main.c:13)
==18774== 
==18774== 3,217 bytes in 46 blocks are still reachable in loss record 49 of 75
==18774==    at 0x4848899: malloc (in /usr/libexec/valgrind/vgpreload_memcheck-amd64-linux.so)
==18774==    by 0x10C7B0: ft_strdup (utils.c:10)
==18774==    by 0x10AE17: init_env (env.c:47)
==18774==    by 0x10BFB1: main (main.c:13)
==18774== 
==18774== 3,793 bytes in 46 blocks are still reachable in loss record 50 of 75
==18774==    at 0x4848899: malloc (in /usr/libexec/valgrind/vgpreload_memcheck-amd64-linux.so)
==18774==    by 0x10CCD3: ft_strjoin (utils.c:173)
==18774==    by 0x10B669: env_to_tab (executor.c:258)
==18774==    by 0x10BFC1: main (main.c:14)
==18774== 
==18774== LEAK SUMMARY:
==18774==    definitely lost: 0 bytes in 0 blocks
==18774==    indirectly lost: 0 bytes in 0 blocks
==18774==      possibly lost: 0 bytes in 0 blocks
==18774==    still reachable: 9,122 bytes in 188 blocks
==18774==         suppressed: 208,230 bytes in 226 blocks
==18774== 
==18774== For lists of detected and suppressed errors, rerun with: -s
==18774== ERROR SUMMARY: 0 errors from 0 contexts (suppressed: 0 from 0)
==18788== 
==18788== HEAP SUMMARY:
==18788==     in use at exit: 217,393 bytes in 417 blocks
==18788==   total heap usage: 860 allocs, 443 frees, 245,495 bytes allocated
==18788== 
==18788== 7 bytes in 1 blocks are still reachable in loss record 2 of 75
==18788==    at 0x4848899: malloc (in /usr/libexec/valgrind/vgpreload_memcheck-amd64-linux.so)
==18788==    by 0x10CCD3: ft_strjoin (utils.c:173)
==18788==    by 0x10A8E6: expand_quotes (env_setup.c:128)
==18788==    by 0x10AAF5: expand_args (env_setup.c:181)
==18788==    by 0x10AC64: expand_cmds (env_setup.c:217)
==18788==    by 0x10C127: main (main.c:64)
==18788== 
==18788== 16 bytes in 1 blocks are still reachable in loss record 13 of 75
==18788==    at 0x4848899: malloc (in /usr/libexec/valgrind/vgpreload_memcheck-amd64-linux.so)
==18788==    by 0x10C320: add_arg (parser.c:70)
==18788==    by 0x10C4CC: parse_command (parser.c:116)
==18788==    by 0x10C5D1: parser (parser.c:142)
==18788==    by 0x10C0E0: main (main.c:52)
==18788== 
==18788== 32 bytes in 1 blocks are still reachable in loss record 18 of 75
==18788==    at 0x4848899: malloc (in /usr/libexec/valgrind/vgpreload_memcheck-amd64-linux.so)
==18788==    by 0x10C222: cmd_new (parser.c:38)
==18788==    by 0x10C480: parse_command (parser.c:108)
==18788==    by 0x10C5D1: parser (parser.c:142)
==18788==    by 0x10C0E0: main (main.c:52)
==18788== 
==18788== 376 bytes in 1 blocks are still reachable in loss record 30 of 75
==18788==    at 0x4848899: malloc (in /usr/libexec/valgrind/vgpreload_memcheck-amd64-linux.so)
==18788==    by 0x10B606: env_to_tab (executor.c:247)
==18788==    by 0x10C189: main (main.c:80)
==18788== 
==18788== 576 bytes in 46 blocks are still reachable in loss record 31 of 75
==18788==    at 0x4848899: malloc (in /usr/libexec/valgrind/vgpreload_memcheck-amd64-linux.so)
==18788==    by 0x10CA3A: ft_substr (utils.c:88)
==18788==    by 0x10AE03: init_env (env.c:46)
==18788==    by 0x10BFB1: main (main.c:13)
==18788== 
==18788== 1,104 bytes in 46 blocks are still reachable in loss record 44 of 75
==18788==    at 0x4848899: malloc (in /usr/libexec/valgrind/vgpreload_memcheck-amd64-linux.so)
==18788==    by 0x10ACBB: new_env_node (env.c:5)
==18788==    by 0x10AE2E: init_env (env.c:49)
==18788==    by 0x10BFB1: main (main.c:13)
==18788== 
==18788== 3,217 bytes in 46 blocks are still reachable in loss record 49 of 75
==18788==    at 0x4848899: malloc (in /usr/libexec/valgrind/vgpreload_memcheck-amd64-linux.so)
==18788==    by 0x10C7B0: ft_strdup (utils.c:10)
==18788==    by 0x10AE17: init_env (env.c:47)
==18788==    by 0x10BFB1: main (main.c:13)
==18788== 
==18788== 3,793 bytes in 46 blocks are still reachable in loss record 50 of 75
==18788==    at 0x4848899: malloc (in /usr/libexec/valgrind/vgpreload_memcheck-amd64-linux.so)
==18788==    by 0x10CCD3: ft_strjoin (utils.c:173)
==18788==    by 0x10B669: env_to_tab (executor.c:258)
==18788==    by 0x10C189: main (main.c:80)
==18788== 
==18788== LEAK SUMMARY:
==18788==    definitely lost: 0 bytes in 0 blocks
==18788==    indirectly lost: 0 bytes in 0 blocks
==18788==      possibly lost: 0 bytes in 0 blocks
==18788==    still reachable: 9,121 bytes in 188 blocks
==18788==         suppressed: 208,272 bytes in 229 blocks
==18788== 
==18788== For lists of detected and suppressed errors, rerun with: -s
==18788== ERROR SUMMARY: 0 errors from 0 contexts (suppressed: 0 from 0)
==18800== 
==18800== HEAP SUMMARY:
==18800==     in use at exit: 217,445 bytes in 421 blocks
==18800==   total heap usage: 984 allocs, 563 frees, 250,498 bytes allocated
==18800== 
==18800== 4 bytes in 1 blocks are still reachable in loss record 1 of 76
==18800==    at 0x4848899: malloc (in /usr/libexec/valgrind/vgpreload_memcheck-amd64-linux.so)
==18800==    by 0x10CCD3: ft_strjoin (utils.c:173)
==18800==    by 0x10A8E6: expand_quotes (env_setup.c:128)
==18800==    by 0x10AAF5: expand_args (env_setup.c:181)
==18800==    by 0x10AC64: expand_cmds (env_setup.c:217)
==18800==    by 0x10C127: main (main.c:64)
==18800== 
==18800== 4 bytes in 1 blocks are still reachable in loss record 2 of 76
==18800==    at 0x4848899: malloc (in /usr/libexec/valgrind/vgpreload_memcheck-amd64-linux.so)
==18800==    by 0x10CCD3: ft_strjoin (utils.c:173)
==18800==    by 0x10A95F: expand_quotes (env_setup.c:141)
==18800==    by 0x10AAF5: expand_args (env_setup.c:181)
==18800==    by 0x10AC64: expand_cmds (env_setup.c:217)
==18800==    by 0x10C127: main (main.c:64)
==18800== 
==18800== 24 bytes in 1 blocks are still reachable in loss record 16 of 76
==18800==    at 0x4848899: malloc (in /usr/libexec/valgrind/vgpreload_memcheck-amd64-linux.so)
==18800==    by 0x10C320: add_arg (parser.c:70)
==18800==    by 0x10C4CC: parse_command (parser.c:116)
==18800==    by 0x10C5D1: parser (parser.c:142)
==18800==    by 0x10C0E0: main (main.c:52)
==18800== 
==18800== 32 bytes in 1 blocks are still reachable in loss record 18 of 76
==18800==    at 0x4848899: malloc (in /usr/libexec/valgrind/vgpreload_memcheck-amd64-linux.so)
==18800==    by 0x10C222: cmd_new (parser.c:38)
==18800==    by 0x10C480: parse_command (parser.c:108)
==18800==    by 0x10C5D1: parser (parser.c:142)
==18800==    by 0x10C0E0: main (main.c:52)
==18800== 
==18800== 376 bytes in 1 blocks are still reachable in loss record 31 of 76
==18800==    at 0x4848899: malloc (in /usr/libexec/valgrind/vgpreload_memcheck-amd64-linux.so)
==18800==    by 0x10B606: env_to_tab (executor.c:247)
==18800==    by 0x10C189: main (main.c:80)
==18800== 
==18800== 576 bytes in 46 blocks are still reachable in loss record 32 of 76
==18800==    at 0x4848899: malloc (in /usr/libexec/valgrind/vgpreload_memcheck-amd64-linux.so)
==18800==    by 0x10CA3A: ft_substr (utils.c:88)
==18800==    by 0x10AE03: init_env (env.c:46)
==18800==    by 0x10BFB1: main (main.c:13)
==18800== 
==18800== 1,104 bytes in 46 blocks are still reachable in loss record 45 of 76
==18800==    at 0x4848899: malloc (in /usr/libexec/valgrind/vgpreload_memcheck-amd64-linux.so)
==18800==    by 0x10ACBB: new_env_node (env.c:5)
==18800==    by 0x10AE2E: init_env (env.c:49)
==18800==    by 0x10BFB1: main (main.c:13)
==18800== 
==18800== 3,217 bytes in 46 blocks are still reachable in loss record 50 of 76
==18800==    at 0x4848899: malloc (in /usr/libexec/valgrind/vgpreload_memcheck-amd64-linux.so)
==18800==    by 0x10C7B0: ft_strdup (utils.c:10)
==18800==    by 0x10AE17: init_env (env.c:47)
==18800==    by 0x10BFB1: main (main.c:13)
==18800== 
==18800== 3,793 bytes in 46 blocks are still reachable in loss record 51 of 76
==18800==    at 0x4848899: malloc (in /usr/libexec/valgrind/vgpreload_memcheck-amd64-linux.so)
==18800==    by 0x10CCD3: ft_strjoin (utils.c:173)
==18800==    by 0x10B669: env_to_tab (executor.c:258)
==18800==    by 0x10C189: main (main.c:80)
==18800== 
==18800== LEAK SUMMARY:
==18800==    definitely lost: 0 bytes in 0 blocks
==18800==    indirectly lost: 0 bytes in 0 blocks
==18800==      possibly lost: 0 bytes in 0 blocks
==18800==    still reachable: 9,130 bytes in 189 blocks
==18800==         suppressed: 208,315 bytes in 232 blocks
==18800== 
==18800== For lists of detected and suppressed errors, rerun with: -s
==18800== ERROR SUMMARY: 0 errors from 0 contexts (suppressed: 0 from 0)
==18750== 
==18750== HEAP SUMMARY:
==18750==     in use at exit: 217,374 bytes in 416 blocks
==18750==   total heap usage: 1,007 allocs, 591 frees, 253,075 bytes allocated
==18750== 
==18750== 576 bytes in 46 blocks are indirectly lost in loss record 26 of 72
==18750==    at 0x4848899: malloc (in /usr/libexec/valgrind/vgpreload_memcheck-amd64-linux.so)
==18750==    by 0x10CA3A: ft_substr (utils.c:88)
==18750==    by 0x10AE03: init_env (env.c:46)
==18750==    by 0x10BFB1: main (main.c:13)
==18750== 
==18750== 1,080 bytes in 45 blocks are indirectly lost in loss record 39 of 72
==18750==    at 0x4848899: malloc (in /usr/libexec/valgrind/vgpreload_memcheck-amd64-linux.so)
==18750==    by 0x10ACBB: new_env_node (env.c:5)
==18750==    by 0x10AE2E: init_env (env.c:49)
==18750==    by 0x10BFB1: main (main.c:13)
==18750== 
==18750== 3,217 bytes in 46 blocks are indirectly lost in loss record 44 of 72
==18750==    at 0x4848899: malloc (in /usr/libexec/valgrind/vgpreload_memcheck-amd64-linux.so)
==18750==    by 0x10C7B0: ft_strdup (utils.c:10)
==18750==    by 0x10AE17: init_env (env.c:47)
==18750==    by 0x10BFB1: main (main.c:13)
==18750== 
==18750== 3,793 bytes in 46 blocks are indirectly lost in loss record 45 of 72
==18750==    at 0x4848899: malloc (in /usr/libexec/valgrind/vgpreload_memcheck-amd64-linux.so)
==18750==    by 0x10CCD3: ft_strjoin (utils.c:173)
==18750==    by 0x10B669: env_to_tab (executor.c:258)
==18750==    by 0x10C189: main (main.c:80)
==18750== 
==18750== 4,169 (376 direct, 3,793 indirect) bytes in 1 blocks are definitely lost in loss record 57 of 72
==18750==    at 0x4848899: malloc (in /usr/libexec/valgrind/vgpreload_memcheck-amd64-linux.so)
==18750==    by 0x10B606: env_to_tab (executor.c:247)
==18750==    by 0x10C189: main (main.c:80)
==18750== 
==18750== 4,897 (24 direct, 4,873 indirect) bytes in 1 blocks are definitely lost in loss record 58 of 72
==18750==    at 0x4848899: malloc (in /usr/libexec/valgrind/vgpreload_memcheck-amd64-linux.so)
==18750==    by 0x10ACBB: new_env_node (env.c:5)
==18750==    by 0x10AE2E: init_env (env.c:49)
==18750==    by 0x10BFB1: main (main.c:13)
==18750== 
==18750== LEAK SUMMARY:
==18750==    definitely lost: 400 bytes in 2 blocks
==18750==    indirectly lost: 8,666 bytes in 183 blocks
==18750==      possibly lost: 0 bytes in 0 blocks
==18750==    still reachable: 0 bytes in 0 blocks
==18750==         suppressed: 208,308 bytes in 231 blocks
==18750== 
==18750== For lists of detected and suppressed errors, rerun with: -s
==18750== ERROR SUMMARY: 2 errors from 2 contexts (suppressed: 0 from 0)
